Watching for file changes with StatReloader
Performing system checks...

System check identified no issues (0 silenced).
April 02, 2022 - 08:02:52
Django version 4.0.3, using settings 'poke_project.settings'
Starting development server at http://0.0.0.0:8000/
Quit the server with CONTROL-C.
[02/Apr/2022 08:03:28] "GET /pokemon/allpokemon/ HTTP/1.1" 200 6626
[02/Apr/2022 08:03:28] "GET /static/rest_framework/css/bootstrap.min.css HTTP/1.1" 304 0
[02/Apr/2022 08:03:28] "GET /static/rest_framework/css/bootstrap-tweaks.css HTTP/1.1" 304 0
[02/Apr/2022 08:03:28] "GET /static/rest_framework/css/prettify.css HTTP/1.1" 304 0
[02/Apr/2022 08:03:28] "GET /static/rest_framework/css/default.css HTTP/1.1" 304 0
[02/Apr/2022 08:03:28] "GET /static/rest_framework/js/jquery-3.5.1.min.js HTTP/1.1" 304 0
[02/Apr/2022 08:03:29] "GET /static/rest_framework/js/ajax-form.js HTTP/1.1" 304 0
[02/Apr/2022 08:03:29] "GET /static/rest_framework/js/csrf.js HTTP/1.1" 304 0
[02/Apr/2022 08:03:29] "GET /static/rest_framework/js/bootstrap.min.js HTTP/1.1" 304 0
[02/Apr/2022 08:03:29] "GET /static/rest_framework/js/default.js HTTP/1.1" 304 0
[02/Apr/2022 08:03:29] "GET /static/rest_framework/js/prettify-min.js HTTP/1.1" 304 0
[02/Apr/2022 08:03:29] "GET /static/rest_framework/img/grid.png HTTP/1.1" 304 0
Not Found: /
[02/Apr/2022 08:05:05] "GET / HTTP/1.1" 404 3130
Not Found: /favicon.ico
[02/Apr/2022 08:05:06] "GET /favicon.ico HTTP/1.1" 404 3181
[02/Apr/2022 08:05:13] "GET /pokemon/allpokemon HTTP/1.1" 301 0
[02/Apr/2022 08:05:14] "GET /pokemon/allpokemon/ HTTP/1.1" 200 6626
[02/Apr/2022 08:05:14] "GET /static/rest_framework/css/bootstrap-tweaks.css HTTP/1.1" 200 3385
[02/Apr/2022 08:05:14] "GET /static/rest_framework/css/prettify.css HTTP/1.1" 200 817
[02/Apr/2022 08:05:14] "GET /static/rest_framework/css/default.css HTTP/1.1" 200 1152
[02/Apr/2022 08:05:15] "GET /static/rest_framework/js/ajax-form.js HTTP/1.1" 200 3597
[02/Apr/2022 08:05:15] "GET /static/rest_framework/css/bootstrap.min.css HTTP/1.1" 200 121457
[02/Apr/2022 08:05:15] "GET /static/rest_framework/js/csrf.js HTTP/1.1" 200 1719
[02/Apr/2022 08:05:15] "GET /static/rest_framework/js/bootstrap.min.js HTTP/1.1" 200 39680
[02/Apr/2022 08:05:15] "GET /static/rest_framework/js/prettify-min.js HTTP/1.1" 200 13632
[02/Apr/2022 08:05:15] "GET /static/rest_framework/js/jquery-3.5.1.min.js HTTP/1.1" 200 89476
[02/Apr/2022 08:05:15] "GET /static/rest_framework/js/default.js HTTP/1.1" 200 1268
[02/Apr/2022 08:05:15] "GET /static/rest_framework/img/grid.png HTTP/1.1" 200 1458
[02/Apr/2022 08:05:42] "GET /pokemon/allpokemon/ HTTP/1.1" 200 6626
[02/Apr/2022 08:05:44] "GET /pokemon/allpokemon/ HTTP/1.1" 200 6626
[02/Apr/2022 08:06:01] "GET /pokemon/wildpokemon/ HTTP/1.1" 200 6551
[02/Apr/2022 08:15:25,252] - Broken pipe from ('137.132.215.38', 49702)

[02/Apr/2022 08:15:25,256] - Broken pipe from ('137.132.215.38', 49694)

[02/Apr/2022 08:15:25,256] - Broken pipe from ('137.132.215.38', 49698)

[02/Apr/2022 08:15:25,259] - Broken pipe from ('137.132.215.38', 49700)

[02/Apr/2022 08:15:25,259] - Broken pipe from ('137.132.215.38', 49692)

[02/Apr/2022 08:15:25,271] - Broken pipe from ('137.132.215.38', 49690)

Not Found: /
[02/Apr/2022 08:37:17] "GET / HTTP/1.1" 404 3130
Unauthorized: /pokemon/capturedpokemon/
[02/Apr/2022 08:39:45] "GET /pokemon/capturedpokemon/ HTTP/1.1" 401 183
[02/Apr/2022 08:50:28] "GET /pokemon/allpokemon HTTP/1.1" 301 0
